2020-09-23 07:54:04,025 INFO org.springframework.boot.StartupInfoLogger [restartedMain] Starting PhoneBookAppApplication on DESKTOP-R7BNO18 with PID 1116 (E:\11-JRTP\Phone-Book-App\target\classes started by HARSH in E:\11-JRTP\Phone-Book-App)
2020-09-23 07:54:04,030 INFO org.springframework.boot.SpringApplication [restartedMain] No active profile set, falling back to default profiles: default
2020-09-23 07:54:04,274 INFO org.springframework.data.repository.config.RepositoryConfigurationDelegate [restartedMain] Bootstrapping Spring Data JPA repositories in DEFERRED mode.
2020-09-23 07:54:04,289 INFO org.springframework.data.repository.config.RepositoryConfigurationDelegate [restartedMain] Finished Spring Data repository scanning in 13ms. Found 1 JPA repository interfaces.
2020-09-23 07:54:04,499 INFO org.springframework.boot.web.embedded.tomcat.TomcatWebServer [restartedMain] Tomcat initialized with port(s): 7575 (http)
2020-09-23 07:54:04,504 INFO org.apache.juli.logging.DirectJDKLog [restartedMain] Initializing ProtocolHandler ["http-nio-7575"]
2020-09-23 07:54:04,504 INFO org.apache.juli.logging.DirectJDKLog [restartedMain] Starting service [Tomcat]
2020-09-23 07:54:04,504 INFO org.apache.juli.logging.DirectJDKLog [restartedMain] Starting Servlet engine: [Apache Tomcat/9.0.37]
2020-09-23 07:54:04,634 WARN org.apache.juli.logging.DirectJDKLog [restartedMain] Failed to scan [file:/C:/Users/HARSH/.m2/repository/com/oracle/database/jdbc/ojdbc8/19.3.0.0/oraclepki.jar] from classloader hierarchy
java.io.FileNotFoundException: C:\Users\HARSH\.m2\repository\com\oracle\database\jdbc\ojdbc8\19.3.0.0\oraclepki.jar (The system cannot find the file specified)
	at java.util.zip.ZipFile.open(Native Method)
	at java.util.zip.ZipFile.<init>(Unknown Source)
	at java.util.zip.ZipFile.<init>(Unknown Source)
	at java.util.jar.JarFile.<init>(Unknown Source)
	at java.util.jar.JarFile.<init>(Unknown Source)
	at org.apache.tomcat.util.compat.JreCompat.jarFileNewInstance(JreCompat.java:221)
	at org.apache.tomcat.util.scan.JarFileUrlJar.<init>(JarFileUrlJar.java:65)
	at org.apache.tomcat.util.scan.JarFactory.newInstance(JarFactory.java:49)
	at org.apache.tomcat.util.scan.StandardJarScanner.process(StandardJarScanner.java:383)
	at org.apache.tomcat.util.scan.StandardJarScanner.processURLs(StandardJarScanner.java:318)
	at org.apache.tomcat.util.scan.StandardJarScanner.doScanClassPath(StandardJarScanner.java:270)
	at org.apache.tomcat.util.scan.StandardJarScanner.scan(StandardJarScanner.java:233)
	at org.apache.jasper.servlet.TldScanner.scanJars(TldScanner.java:262)
	at org.apache.jasper.servlet.TldScanner.scan(TldScanner.java:104)
	at org.apache.jasper.servlet.JasperInitializer.onStartup(JasperInitializer.java:83)
	at org.apache.catalina.core.StandardContext.startInternal(StandardContext.java:5128)
	at org.apache.catalina.util.LifecycleBase.start(LifecycleBase.java:183)
	at org.apache.catalina.core.ContainerBase$StartChild.call(ContainerBase.java:1384)
	at org.apache.catalina.core.ContainerBase$StartChild.call(ContainerBase.java:1374)
	at java.util.concurrent.FutureTask.run(Unknown Source)
	at org.apache.tomcat.util.threads.InlineExecutorService.execute(InlineExecutorService.java:75)
	at java.util.concurrent.AbstractExecutorService.submit(Unknown Source)
	at org.apache.catalina.core.ContainerBase.startInternal(ContainerBase.java:909)
	at org.apache.catalina.core.StandardHost.startInternal(StandardHost.java:841)
	at org.apache.catalina.util.LifecycleBase.start(LifecycleBase.java:183)
	at org.apache.catalina.core.ContainerBase$StartChild.call(ContainerBase.java:1384)
	at org.apache.catalina.core.ContainerBase$StartChild.call(ContainerBase.java:1374)
	at java.util.concurrent.FutureTask.run(Unknown Source)
	at org.apache.tomcat.util.threads.InlineExecutorService.execute(InlineExecutorService.java:75)
	at java.util.concurrent.AbstractExecutorService.submit(Unknown Source)
	at org.apache.catalina.core.ContainerBase.startInternal(ContainerBase.java:909)
	at org.apache.catalina.core.StandardEngine.startInternal(StandardEngine.java:262)
	at org.apache.catalina.util.LifecycleBase.start(LifecycleBase.java:183)
	at org.apache.catalina.core.StandardService.startInternal(StandardService.java:421)
	at org.apache.catalina.util.LifecycleBase.start(LifecycleBase.java:183)
	at org.apache.catalina.core.StandardServer.startInternal(StandardServer.java:930)
	at org.apache.catalina.util.LifecycleBase.start(LifecycleBase.java:183)
	at org.apache.catalina.startup.Tomcat.start(Tomcat.java:486)
	at org.springframework.boot.web.embedded.tomcat.TomcatWebServer.initialize(TomcatWebServer.java:123)
	at org.springframework.boot.web.embedded.tomcat.TomcatWebServer.<init>(TomcatWebServer.java:104)
	at org.springframework.boot.web.embedded.tomcat.TomcatServletWebServerFactory.getTomcatWebServer(TomcatServletWebServerFactory.java:437)
	at org.springframework.boot.web.embedded.tomcat.TomcatServletWebServerFactory.getWebServer(TomcatServletWebServerFactory.java:191)
	at org.springframework.boot.web.servlet.context.ServletWebServerApplicationContext.createWebServer(ServletWebServerApplicationContext.java:178)
	at org.springframework.boot.web.servlet.context.ServletWebServerApplicationContext.onRefresh(ServletWebServerApplicationContext.java:158)
	at org.springframework.context.support.AbstractApplicationContext.refresh(AbstractApplicationContext.java:545)
	at org.springframework.boot.web.servlet.context.ServletWebServerApplicationContext.refresh(ServletWebServerApplicationContext.java:143)
	at org.springframework.boot.SpringApplication.refresh(SpringApplication.java:758)
	at org.springframework.boot.SpringApplication.refresh(SpringApplication.java:750)
	at org.springframework.boot.SpringApplication.refreshContext(SpringApplication.java:397)
	at org.springframework.boot.SpringApplication.run(SpringApplication.java:315)
	at org.springframework.boot.SpringApplication.run(SpringApplication.java:1237)
	at org.springframework.boot.SpringApplication.run(SpringApplication.java:1226)
	at com.ashokit.PhoneBookAppApplication.main(PhoneBookAppApplication.java:10)
	at sun.reflect.NativeMethodAccessorImpl.invoke0(Native Method)
	at sun.reflect.NativeMethodAccessorImpl.invoke(Unknown Source)
	at sun.reflect.DelegatingMethodAccessorImpl.invoke(Unknown Source)
	at java.lang.reflect.Method.invoke(Unknown Source)
	at org.springframework.boot.devtools.restart.RestartLauncher.run(RestartLauncher.java:49)
2020-09-23 07:54:04,634 WARN org.apache.juli.logging.DirectJDKLog [restartedMain] Failed to scan [file:/C:/Users/HARSH/.m2/repository/com/oracle/database/security/oraclepki/19.3.0.0/osdt_core.jar] from classloader hierarchy
java.io.FileNotFoundException: C:\Users\HARSH\.m2\repository\com\oracle\database\security\oraclepki\19.3.0.0\osdt_core.jar (The system cannot find the file specified)
	at java.util.zip.ZipFile.open(Native Method)
	at java.util.zip.ZipFile.<init>(Unknown Source)
	at java.util.zip.ZipFile.<init>(Unknown Source)
	at java.util.jar.JarFile.<init>(Unknown Source)
	at java.util.jar.JarFile.<init>(Unknown Source)
	at org.apache.tomcat.util.compat.JreCompat.jarFileNewInstance(JreCompat.java:221)
	at org.apache.tomcat.util.scan.JarFileUrlJar.<init>(JarFileUrlJar.java:65)
	at org.apache.tomcat.util.scan.JarFactory.newInstance(JarFactory.java:49)
	at org.apache.tomcat.util.scan.StandardJarScanner.process(StandardJarScanner.java:383)
	at org.apache.tomcat.util.scan.StandardJarScanner.processURLs(StandardJarScanner.java:318)
	at org.apache.tomcat.util.scan.StandardJarScanner.doScanClassPath(StandardJarScanner.java:270)
	at org.apache.tomcat.util.scan.StandardJarScanner.scan(StandardJarScanner.java:233)
	at org.apache.jasper.servlet.TldScanner.scanJars(TldScanner.java:262)
	at org.apache.jasper.servlet.TldScanner.scan(TldScanner.java:104)
	at org.apache.jasper.servlet.JasperInitializer.onStartup(JasperInitializer.java:83)
	at org.apache.catalina.core.StandardContext.startInternal(StandardContext.java:5128)
	at org.apache.catalina.util.LifecycleBase.start(LifecycleBase.java:183)
	at org.apache.catalina.core.ContainerBase$StartChild.call(ContainerBase.java:1384)
	at org.apache.catalina.core.ContainerBase$StartChild.call(ContainerBase.java:1374)
	at java.util.concurrent.FutureTask.run(Unknown Source)
	at org.apache.tomcat.util.threads.InlineExecutorService.execute(InlineExecutorService.java:75)
	at java.util.concurrent.AbstractExecutorService.submit(Unknown Source)
	at org.apache.catalina.core.ContainerBase.startInternal(ContainerBase.java:909)
	at org.apache.catalina.core.StandardHost.startInternal(StandardHost.java:841)
	at org.apache.catalina.util.LifecycleBase.start(LifecycleBase.java:183)
	at org.apache.catalina.core.ContainerBase$StartChild.call(ContainerBase.java:1384)
	at org.apache.catalina.core.ContainerBase$StartChild.call(ContainerBase.java:1374)
	at java.util.concurrent.FutureTask.run(Unknown Source)
	at org.apache.tomcat.util.threads.InlineExecutorService.execute(InlineExecutorService.java:75)
	at java.util.concurrent.AbstractExecutorService.submit(Unknown Source)
	at org.apache.catalina.core.ContainerBase.startInternal(ContainerBase.java:909)
	at org.apache.catalina.core.StandardEngine.startInternal(StandardEngine.java:262)
	at org.apache.catalina.util.LifecycleBase.start(LifecycleBase.java:183)
	at org.apache.catalina.core.StandardService.startInternal(StandardService.java:421)
	at org.apache.catalina.util.LifecycleBase.start(LifecycleBase.java:183)
	at org.apache.catalina.core.StandardServer.startInternal(StandardServer.java:930)
	at org.apache.catalina.util.LifecycleBase.start(LifecycleBase.java:183)
	at org.apache.catalina.startup.Tomcat.start(Tomcat.java:486)
	at org.springframework.boot.web.embedded.tomcat.TomcatWebServer.initialize(TomcatWebServer.java:123)
	at org.springframework.boot.web.embedded.tomcat.TomcatWebServer.<init>(TomcatWebServer.java:104)
	at org.springframework.boot.web.embedded.tomcat.TomcatServletWebServerFactory.getTomcatWebServer(TomcatServletWebServerFactory.java:437)
	at org.springframework.boot.web.embedded.tomcat.TomcatServletWebServerFactory.getWebServer(TomcatServletWebServerFactory.java:191)
	at org.springframework.boot.web.servlet.context.ServletWebServerApplicationContext.createWebServer(ServletWebServerApplicationContext.java:178)
	at org.springframework.boot.web.servlet.context.ServletWebServerApplicationContext.onRefresh(ServletWebServerApplicationContext.java:158)
	at org.springframework.context.support.AbstractApplicationContext.refresh(AbstractApplicationContext.java:545)
	at org.springframework.boot.web.servlet.context.ServletWebServerApplicationContext.refresh(ServletWebServerApplicationContext.java:143)
	at org.springframework.boot.SpringApplication.refresh(SpringApplication.java:758)
	at org.springframework.boot.SpringApplication.refresh(SpringApplication.java:750)
	at org.springframework.boot.SpringApplication.refreshContext(SpringApplication.java:397)
	at org.springframework.boot.SpringApplication.run(SpringApplication.java:315)
	at org.springframework.boot.SpringApplication.run(SpringApplication.java:1237)
	at org.springframework.boot.SpringApplication.run(SpringApplication.java:1226)
	at com.ashokit.PhoneBookAppApplication.main(PhoneBookAppApplication.java:10)
	at sun.reflect.NativeMethodAccessorImpl.invoke0(Native Method)
	at sun.reflect.NativeMethodAccessorImpl.invoke(Unknown Source)
	at sun.reflect.DelegatingMethodAccessorImpl.invoke(Unknown Source)
	at java.lang.reflect.Method.invoke(Unknown Source)
	at org.springframework.boot.devtools.restart.RestartLauncher.run(RestartLauncher.java:49)
2020-09-23 07:54:04,639 WARN org.apache.juli.logging.DirectJDKLog [restartedMain] Failed to scan [file:/C:/Users/HARSH/.m2/repository/com/oracle/database/security/oraclepki/19.3.0.0/osdt_cert.jar] from classloader hierarchy
java.io.FileNotFoundException: C:\Users\HARSH\.m2\repository\com\oracle\database\security\oraclepki\19.3.0.0\osdt_cert.jar (The system cannot find the file specified)
	at java.util.zip.ZipFile.open(Native Method)
	at java.util.zip.ZipFile.<init>(Unknown Source)
	at java.util.zip.ZipFile.<init>(Unknown Source)
	at java.util.jar.JarFile.<init>(Unknown Source)
	at java.util.jar.JarFile.<init>(Unknown Source)
	at org.apache.tomcat.util.compat.JreCompat.jarFileNewInstance(JreCompat.java:221)
	at org.apache.tomcat.util.scan.JarFileUrlJar.<init>(JarFileUrlJar.java:65)
	at org.apache.tomcat.util.scan.JarFactory.newInstance(JarFactory.java:49)
	at org.apache.tomcat.util.scan.StandardJarScanner.process(StandardJarScanner.java:383)
	at org.apache.tomcat.util.scan.StandardJarScanner.processURLs(StandardJarScanner.java:318)
	at org.apache.tomcat.util.scan.StandardJarScanner.doScanClassPath(StandardJarScanner.java:270)
	at org.apache.tomcat.util.scan.StandardJarScanner.scan(StandardJarScanner.java:233)
	at org.apache.jasper.servlet.TldScanner.scanJars(TldScanner.java:262)
	at org.apache.jasper.servlet.TldScanner.scan(TldScanner.java:104)
	at org.apache.jasper.servlet.JasperInitializer.onStartup(JasperInitializer.java:83)
	at org.apache.catalina.core.StandardContext.startInternal(StandardContext.java:5128)
	at org.apache.catalina.util.LifecycleBase.start(LifecycleBase.java:183)
	at org.apache.catalina.core.ContainerBase$StartChild.call(ContainerBase.java:1384)
	at org.apache.catalina.core.ContainerBase$StartChild.call(ContainerBase.java:1374)
	at java.util.concurrent.FutureTask.run(Unknown Source)
	at org.apache.tomcat.util.threads.InlineExecutorService.execute(InlineExecutorService.java:75)
	at java.util.concurrent.AbstractExecutorService.submit(Unknown Source)
	at org.apache.catalina.core.ContainerBase.startInternal(ContainerBase.java:909)
	at org.apache.catalina.core.StandardHost.startInternal(StandardHost.java:841)
	at org.apache.catalina.util.LifecycleBase.start(LifecycleBase.java:183)
	at org.apache.catalina.core.ContainerBase$StartChild.call(ContainerBase.java:1384)
	at org.apache.catalina.core.ContainerBase$StartChild.call(ContainerBase.java:1374)
	at java.util.concurrent.FutureTask.run(Unknown Source)
	at org.apache.tomcat.util.threads.InlineExecutorService.execute(InlineExecutorService.java:75)
	at java.util.concurrent.AbstractExecutorService.submit(Unknown Source)
	at org.apache.catalina.core.ContainerBase.startInternal(ContainerBase.java:909)
	at org.apache.catalina.core.StandardEngine.startInternal(StandardEngine.java:262)
	at org.apache.catalina.util.LifecycleBase.start(LifecycleBase.java:183)
	at org.apache.catalina.core.StandardService.startInternal(StandardService.java:421)
	at org.apache.catalina.util.LifecycleBase.start(LifecycleBase.java:183)
	at org.apache.catalina.core.StandardServer.startInternal(StandardServer.java:930)
	at org.apache.catalina.util.LifecycleBase.start(LifecycleBase.java:183)
	at org.apache.catalina.startup.Tomcat.start(Tomcat.java:486)
	at org.springframework.boot.web.embedded.tomcat.TomcatWebServer.initialize(TomcatWebServer.java:123)
	at org.springframework.boot.web.embedded.tomcat.TomcatWebServer.<init>(TomcatWebServer.java:104)
	at org.springframework.boot.web.embedded.tomcat.TomcatServletWebServerFactory.getTomcatWebServer(TomcatServletWebServerFactory.java:437)
	at org.springframework.boot.web.embedded.tomcat.TomcatServletWebServerFactory.getWebServer(TomcatServletWebServerFactory.java:191)
	at org.springframework.boot.web.servlet.context.ServletWebServerApplicationContext.createWebServer(ServletWebServerApplicationContext.java:178)
	at org.springframework.boot.web.servlet.context.ServletWebServerApplicationContext.onRefresh(ServletWebServerApplicationContext.java:158)
	at org.springframework.context.support.AbstractApplicationContext.refresh(AbstractApplicationContext.java:545)
	at org.springframework.boot.web.servlet.context.ServletWebServerApplicationContext.refresh(ServletWebServerApplicationContext.java:143)
	at org.springframework.boot.SpringApplication.refresh(SpringApplication.java:758)
	at org.springframework.boot.SpringApplication.refresh(SpringApplication.java:750)
	at org.springframework.boot.SpringApplication.refreshContext(SpringApplication.java:397)
	at org.springframework.boot.SpringApplication.run(SpringApplication.java:315)
	at org.springframework.boot.SpringApplication.run(SpringApplication.java:1237)
	at org.springframework.boot.SpringApplication.run(SpringApplication.java:1226)
	at com.ashokit.PhoneBookAppApplication.main(PhoneBookAppApplication.java:10)
	at sun.reflect.NativeMethodAccessorImpl.invoke0(Native Method)
	at sun.reflect.NativeMethodAccessorImpl.invoke(Unknown Source)
	at sun.reflect.DelegatingMethodAccessorImpl.invoke(Unknown Source)
	at java.lang.reflect.Method.invoke(Unknown Source)
	at org.springframework.boot.devtools.restart.RestartLauncher.run(RestartLauncher.java:49)
2020-09-23 07:54:04,639 WARN org.apache.juli.logging.DirectJDKLog [restartedMain] Failed to scan [file:/C:/Users/HARSH/.m2/repository/com/oracle/database/security/oraclepki/oracle.osdt/osdt_core.jar] from classloader hierarchy
java.io.FileNotFoundException: C:\Users\HARSH\.m2\repository\com\oracle\database\security\oraclepki\oracle.osdt\osdt_core.jar (The system cannot find the path specified)
	at java.util.zip.ZipFile.open(Native Method)
	at java.util.zip.ZipFile.<init>(Unknown Source)
	at java.util.zip.ZipFile.<init>(Unknown Source)
	at java.util.jar.JarFile.<init>(Unknown Source)
	at java.util.jar.JarFile.<init>(Unknown Source)
	at org.apache.tomcat.util.compat.JreCompat.jarFileNewInstance(JreCompat.java:221)
	at org.apache.tomcat.util.scan.JarFileUrlJar.<init>(JarFileUrlJar.java:65)
	at org.apache.tomcat.util.scan.JarFactory.newInstance(JarFactory.java:49)
	at org.apache.tomcat.util.scan.StandardJarScanner.process(StandardJarScanner.java:383)
	at org.apache.tomcat.util.scan.StandardJarScanner.processURLs(StandardJarScanner.java:318)
	at org.apache.tomcat.util.scan.StandardJarScanner.doScanClassPath(StandardJarScanner.java:270)
	at org.apache.tomcat.util.scan.StandardJarScanner.scan(StandardJarScanner.java:233)
	at org.apache.jasper.servlet.TldScanner.scanJars(TldScanner.java:262)
	at org.apache.jasper.servlet.TldScanner.scan(TldScanner.java:104)
	at org.apache.jasper.servlet.JasperInitializer.onStartup(JasperInitializer.java:83)
	at org.apache.catalina.core.StandardContext.startInternal(StandardContext.java:5128)
	at org.apache.catalina.util.LifecycleBase.start(LifecycleBase.java:183)
	at org.apache.catalina.core.ContainerBase$StartChild.call(ContainerBase.java:1384)
	at org.apache.catalina.core.ContainerBase$StartChild.call(ContainerBase.java:1374)
	at java.util.concurrent.FutureTask.run(Unknown Source)
	at org.apache.tomcat.util.threads.InlineExecutorService.execute(InlineExecutorService.java:75)
	at java.util.concurrent.AbstractExecutorService.submit(Unknown Source)
	at org.apache.catalina.core.ContainerBase.startInternal(ContainerBase.java:909)
	at org.apache.catalina.core.StandardHost.startInternal(StandardHost.java:841)
	at org.apache.catalina.util.LifecycleBase.start(LifecycleBase.java:183)
	at org.apache.catalina.core.ContainerBase$StartChild.call(ContainerBase.java:1384)
	at org.apache.catalina.core.ContainerBase$StartChild.call(ContainerBase.java:1374)
	at java.util.concurrent.FutureTask.run(Unknown Source)
	at org.apache.tomcat.util.threads.InlineExecutorService.execute(InlineExecutorService.java:75)
	at java.util.concurrent.AbstractExecutorService.submit(Unknown Source)
	at org.apache.catalina.core.ContainerBase.startInternal(ContainerBase.java:909)
	at org.apache.catalina.core.StandardEngine.startInternal(StandardEngine.java:262)
	at org.apache.catalina.util.LifecycleBase.start(LifecycleBase.java:183)
	at org.apache.catalina.core.StandardService.startInternal(StandardService.java:421)
	at org.apache.catalina.util.LifecycleBase.start(LifecycleBase.java:183)
	at org.apache.catalina.core.StandardServer.startInternal(StandardServer.java:930)
	at org.apache.catalina.util.LifecycleBase.start(LifecycleBase.java:183)
	at org.apache.catalina.startup.Tomcat.start(Tomcat.java:486)
	at org.springframework.boot.web.embedded.tomcat.TomcatWebServer.initialize(TomcatWebServer.java:123)
	at org.springframework.boot.web.embedded.tomcat.TomcatWebServer.<init>(TomcatWebServer.java:104)
	at org.springframework.boot.web.embedded.tomcat.TomcatServletWebServerFactory.getTomcatWebServer(TomcatServletWebServerFactory.java:437)
	at org.springframework.boot.web.embedded.tomcat.TomcatServletWebServerFactory.getWebServer(TomcatServletWebServerFactory.java:191)
	at org.springframework.boot.web.servlet.context.ServletWebServerApplicationContext.createWebServer(ServletWebServerApplicationContext.java:178)
	at org.springframework.boot.web.servlet.context.ServletWebServerApplicationContext.onRefresh(ServletWebServerApplicationContext.java:158)
	at org.springframework.context.support.AbstractApplicationContext.refresh(AbstractApplicationContext.java:545)
	at org.springframework.boot.web.servlet.context.ServletWebServerApplicationContext.refresh(ServletWebServerApplicationContext.java:143)
	at org.springframework.boot.SpringApplication.refresh(SpringApplication.java:758)
	at org.springframework.boot.SpringApplication.refresh(SpringApplication.java:750)
	at org.springframework.boot.SpringApplication.refreshContext(SpringApplication.java:397)
	at org.springframework.boot.SpringApplication.run(SpringApplication.java:315)
	at org.springframework.boot.SpringApplication.run(SpringApplication.java:1237)
	at org.springframework.boot.SpringApplication.run(SpringApplication.java:1226)
	at com.ashokit.PhoneBookAppApplication.main(PhoneBookAppApplication.java:10)
	at sun.reflect.NativeMethodAccessorImpl.invoke0(Native Method)
	at sun.reflect.NativeMethodAccessorImpl.invoke(Unknown Source)
	at sun.reflect.DelegatingMethodAccessorImpl.invoke(Unknown Source)
	at java.lang.reflect.Method.invoke(Unknown Source)
	at org.springframework.boot.devtools.restart.RestartLauncher.run(RestartLauncher.java:49)
2020-09-23 07:54:04,639 WARN org.apache.juli.logging.DirectJDKLog [restartedMain] Failed to scan [file:/C:/Users/HARSH/.m2/repository/com/oracle/database/security/oraclepki/oracle.osdt/osdt_cert.jar] from classloader hierarchy
java.io.FileNotFoundException: C:\Users\HARSH\.m2\repository\com\oracle\database\security\oraclepki\oracle.osdt\osdt_cert.jar (The system cannot find the path specified)
	at java.util.zip.ZipFile.open(Native Method)
	at java.util.zip.ZipFile.<init>(Unknown Source)
	at java.util.zip.ZipFile.<init>(Unknown Source)
	at java.util.jar.JarFile.<init>(Unknown Source)
	at java.util.jar.JarFile.<init>(Unknown Source)
	at org.apache.tomcat.util.compat.JreCompat.jarFileNewInstance(JreCompat.java:221)
	at org.apache.tomcat.util.scan.JarFileUrlJar.<init>(JarFileUrlJar.java:65)
	at org.apache.tomcat.util.scan.JarFactory.newInstance(JarFactory.java:49)
	at org.apache.tomcat.util.scan.StandardJarScanner.process(StandardJarScanner.java:383)
	at org.apache.tomcat.util.scan.StandardJarScanner.processURLs(StandardJarScanner.java:318)
	at org.apache.tomcat.util.scan.StandardJarScanner.doScanClassPath(StandardJarScanner.java:270)
	at org.apache.tomcat.util.scan.StandardJarScanner.scan(StandardJarScanner.java:233)
	at org.apache.jasper.servlet.TldScanner.scanJars(TldScanner.java:262)
	at org.apache.jasper.servlet.TldScanner.scan(TldScanner.java:104)
	at org.apache.jasper.servlet.JasperInitializer.onStartup(JasperInitializer.java:83)
	at org.apache.catalina.core.StandardContext.startInternal(StandardContext.java:5128)
	at org.apache.catalina.util.LifecycleBase.start(LifecycleBase.java:183)
	at org.apache.catalina.core.ContainerBase$StartChild.call(ContainerBase.java:1384)
	at org.apache.catalina.core.ContainerBase$StartChild.call(ContainerBase.java:1374)
	at java.util.concurrent.FutureTask.run(Unknown Source)
	at org.apache.tomcat.util.threads.InlineExecutorService.execute(InlineExecutorService.java:75)
	at java.util.concurrent.AbstractExecutorService.submit(Unknown Source)
	at org.apache.catalina.core.ContainerBase.startInternal(ContainerBase.java:909)
	at org.apache.catalina.core.StandardHost.startInternal(StandardHost.java:841)
	at org.apache.catalina.util.LifecycleBase.start(LifecycleBase.java:183)
	at org.apache.catalina.core.ContainerBase$StartChild.call(ContainerBase.java:1384)
	at org.apache.catalina.core.ContainerBase$StartChild.call(ContainerBase.java:1374)
	at java.util.concurrent.FutureTask.run(Unknown Source)
	at org.apache.tomcat.util.threads.InlineExecutorService.execute(InlineExecutorService.java:75)
	at java.util.concurrent.AbstractExecutorService.submit(Unknown Source)
	at org.apache.catalina.core.ContainerBase.startInternal(ContainerBase.java:909)
	at org.apache.catalina.core.StandardEngine.startInternal(StandardEngine.java:262)
	at org.apache.catalina.util.LifecycleBase.start(LifecycleBase.java:183)
	at org.apache.catalina.core.StandardService.startInternal(StandardService.java:421)
	at org.apache.catalina.util.LifecycleBase.start(LifecycleBase.java:183)
	at org.apache.catalina.core.StandardServer.startInternal(StandardServer.java:930)
	at org.apache.catalina.util.LifecycleBase.start(LifecycleBase.java:183)
	at org.apache.catalina.startup.Tomcat.start(Tomcat.java:486)
	at org.springframework.boot.web.embedded.tomcat.TomcatWebServer.initialize(TomcatWebServer.java:123)
	at org.springframework.boot.web.embedded.tomcat.TomcatWebServer.<init>(TomcatWebServer.java:104)
	at org.springframework.boot.web.embedded.tomcat.TomcatServletWebServerFactory.getTomcatWebServer(TomcatServletWebServerFactory.java:437)
	at org.springframework.boot.web.embedded.tomcat.TomcatServletWebServerFactory.getWebServer(TomcatServletWebServerFactory.java:191)
	at org.springframework.boot.web.servlet.context.ServletWebServerApplicationContext.createWebServer(ServletWebServerApplicationContext.java:178)
	at org.springframework.boot.web.servlet.context.ServletWebServerApplicationContext.onRefresh(ServletWebServerApplicationContext.java:158)
	at org.springframework.context.support.AbstractApplicationContext.refresh(AbstractApplicationContext.java:545)
	at org.springframework.boot.web.servlet.context.ServletWebServerApplicationContext.refresh(ServletWebServerApplicationContext.java:143)
	at org.springframework.boot.SpringApplication.refresh(SpringApplication.java:758)
	at org.springframework.boot.SpringApplication.refresh(SpringApplication.java:750)
	at org.springframework.boot.SpringApplication.refreshContext(SpringApplication.java:397)
	at org.springframework.boot.SpringApplication.run(SpringApplication.java:315)
	at org.springframework.boot.SpringApplication.run(SpringApplication.java:1237)
	at org.springframework.boot.SpringApplication.run(SpringApplication.java:1226)
	at com.ashokit.PhoneBookAppApplication.main(PhoneBookAppApplication.java:10)
	at sun.reflect.NativeMethodAccessorImpl.invoke0(Native Method)
	at sun.reflect.NativeMethodAccessorImpl.invoke(Unknown Source)
	at sun.reflect.DelegatingMethodAccessorImpl.invoke(Unknown Source)
	at java.lang.reflect.Method.invoke(Unknown Source)
	at org.springframework.boot.devtools.restart.RestartLauncher.run(RestartLauncher.java:49)
2020-09-23 07:54:04,639 INFO org.apache.juli.logging.DirectJDKLog [restartedMain] At least one JAR was scanned for TLDs yet contained no TLDs. Enable debug logging for this logger for a complete list of JARs that were scanned but no TLDs were found in them. Skipping unneeded JARs during scanning can improve startup time and JSP compilation time.
2020-09-23 07:54:04,644 INFO org.apache.juli.logging.DirectJDKLog [restartedMain] Initializing Spring embedded WebApplicationContext
2020-09-23 07:54:04,644 INFO org.springframework.boot.web.servlet.context.ServletWebServerApplicationContext [restartedMain] Root WebApplicationContext: initialization completed in 614 ms
2020-09-23 07:54:04,704 INFO org.springframework.scheduling.concurrent.ExecutorConfigurationSupport [restartedMain] Initializing ExecutorService 'applicationTaskExecutor'
2020-09-23 07:54:04,714 INFO org.hibernate.jpa.internal.util.LogHelper [task-1] HHH000204: Processing PersistenceUnitInfo [name: default]
2020-09-23 07:54:04,724 INFO com.zaxxer.hikari.HikariDataSource [task-1] HikariPool-2 - Starting...
2020-09-23 07:54:04,724 WARN com.zaxxer.hikari.util.DriverDataSource [task-1] Registered driver with driverClassName=oracle.jdbc.driver.OracleDriver was not found, trying direct instantiation.
2020-09-23 07:54:04,744 INFO com.zaxxer.hikari.pool.PoolBase [task-1] HikariPool-2 - Driver does not support get/set network timeout for connections. (oracle.jdbc.driver.T4CConnection.getNetworkTimeout()I)
2020-09-23 07:54:04,744 WARN org.springframework.boot.autoconfigure.orm.jpa.JpaBaseConfiguration$JpaWebConfiguration [restartedMain] spring.jpa.open-in-view is enabled by default. Therefore, database queries may be performed during view rendering. Explicitly configure spring.jpa.open-in-view to disable this warning
2020-09-23 07:54:04,744 INFO com.zaxxer.hikari.HikariDataSource [task-1] HikariPool-2 - Start completed.
2020-09-23 07:54:04,744 INFO org.hibernate.dialect.Dialect [task-1] HHH000400: Using dialect: org.hibernate.dialect.Oracle10gDialect
2020-09-23 07:54:04,839 INFO org.springframework.boot.autoconfigure.web.servlet.WelcomePageHandlerMapping [restartedMain] Adding welcome page template: index
2020-09-23 07:54:04,944 INFO org.springframework.boot.devtools.autoconfigure.OptionalLiveReloadServer [restartedMain] LiveReload server is running on port 35729
2020-09-23 07:54:04,964 INFO org.apache.juli.logging.DirectJDKLog [restartedMain] Starting ProtocolHandler ["http-nio-7575"]
2020-09-23 07:54:04,974 INFO org.springframework.boot.web.embedded.tomcat.TomcatWebServer [restartedMain] Tomcat started on port(s): 7575 (http) with context path ''
2020-09-23 07:54:04,974 INFO org.springframework.data.repository.config.DeferredRepositoryInitializationListener [restartedMain] Triggering deferred initialization of Spring Data repositories…
2020-09-23 07:54:05,209 INFO org.hibernate.engine.transaction.jta.platform.internal.JtaPlatformInitiator [task-1] HHH000490: Using JtaPlatform implementation: [org.hibernate.engine.transaction.jta.platform.internal.NoJtaPlatform]
2020-09-23 07:54:05,214 INFO org.springframework.orm.jpa.AbstractEntityManagerFactoryBean [task-1] Initialized JPA EntityManagerFactory for persistence unit 'default'
2020-09-23 07:54:05,245 INFO org.springframework.data.repository.config.DeferredRepositoryInitializationListener [restartedMain] Spring Data repositories initialized!
2020-09-23 07:54:05,255 INFO org.springframework.boot.StartupInfoLogger [restartedMain] Started PhoneBookAppApplication in 1.287 seconds (JVM running for 72.954)
2020-09-23 07:54:05,260 INFO org.springframework.boot.devtools.autoconfigure.ConditionEvaluationDeltaLoggingListener [restartedMain] Condition evaluation unchanged
2020-09-23 07:54:26,333 INFO org.apache.juli.logging.DirectJDKLog [http-nio-7575-exec-1] Initializing Spring DispatcherServlet 'dispatcherServlet'
2020-09-23 07:54:26,333 INFO org.springframework.web.servlet.FrameworkServlet [http-nio-7575-exec-1] Initializing Servlet 'dispatcherServlet'
2020-09-23 07:54:26,350 INFO org.springframework.web.servlet.FrameworkServlet [http-nio-7575-exec-1] Completed initialization in 11 ms
2020-09-23 07:54:26,395 DEBUG com.ashokit.controller.ContactInfoController [http-nio-7575-exec-1] *** loadContactForm() method exe started ***
2020-09-23 07:54:26,395 DEBUG com.ashokit.controller.ContactInfoController [http-nio-7575-exec-1] *** loadContactForm() method exe ended ***
2020-09-23 07:54:26,395 INFO com.ashokit.controller.ContactInfoController [http-nio-7575-exec-1] ** loadContactForm() method Form loaded Successfully **
2020-09-23 07:54:39,850 DEBUG com.ashokit.controller.ViewContactController [http-nio-7575-exec-2] *** viewAllContacts() method started ***
2020-09-23 07:54:40,107 DEBUG com.ashokit.controller.ViewContactController [http-nio-7575-exec-2] *** viewAllContacts() method ended ***
2020-09-23 07:54:40,107 INFO com.ashokit.controller.ViewContactController [http-nio-7575-exec-2] *** viewAllContacts() method exe successfully ***
2020-09-23 07:57:21,288 INFO org.springframework.boot.admin.SpringApplicationAdminMXBeanRegistrar$SpringApplicationAdmin [RMI TCP Connection(16)-127.0.0.1] Application shutdown requested.
2020-09-23 07:57:21,616 INFO org.springframework.orm.jpa.AbstractEntityManagerFactoryBean [RMI TCP Connection(16)-127.0.0.1] Closing JPA EntityManagerFactory for persistence unit 'default'
2020-09-23 07:57:21,616 INFO org.springframework.scheduling.concurrent.ExecutorConfigurationSupport [RMI TCP Connection(16)-127.0.0.1] Shutting down ExecutorService 'applicationTaskExecutor'
2020-09-23 07:57:21,616 INFO com.zaxxer.hikari.HikariDataSource [RMI TCP Connection(16)-127.0.0.1] HikariPool-2 - Shutdown initiated...
2020-09-23 07:57:21,912 INFO com.zaxxer.hikari.HikariDataSource [RMI TCP Connection(16)-127.0.0.1] HikariPool-2 - Shutdown completed.
